Microsoft HTML Help Compiler 4.74.8702

Compiling c:\Users\Administrator\Desktop\AChartEngine\achartengine-1.1.CHM

allclasses-frame.html
allclasses-noframe.html
constant-values.html
deprecated-list.html
help-doc.html
index.html
index-all.html
org\achartengine\chart\AbstractChart.html
org\achartengine\chart\BarChart.html
org\achartengine\chart\BarChart.Type.html
org\achartengine\chart\BubbleChart.html
org\achartengine\chart\class-use\AbstractChart.html
org\achartengine\chart\class-use\BarChart.html
org\achartengine\chart\class-use\BarChart.Type.html
org\achartengine\chart\class-use\BubbleChart.html
org\achartengine\chart\class-use\ClickableArea.html
org\achartengine\chart\class-use\CombinedXYChart.html
org\achartengine\chart\class-use\CubicLineChart.html
org\achartengine\chart\class-use\DialChart.html
org\achartengine\chart\class-use\DoughnutChart.html
org\achartengine\chart\class-use\LineChart.html
org\achartengine\chart\class-use\PieChart.html
org\achartengine\chart\class-use\PieMapper.html
org\achartengine\chart\class-use\PieSegment.html
org\achartengine\chart\class-use\PointStyle.html
org\achartengine\chart\class-use\RangeBarChart.html
org\achartengine\chart\class-use\RangeStackedBarChart.html
org\achartengine\chart\class-use\RoundChart.html
org\achartengine\chart\class-use\ScatterChart.html
org\achartengine\chart\class-use\TimeChart.html
org\achartengine\chart\class-use\XYChart.html
org\achartengine\chart\ClickableArea.html
org\achartengine\chart\CombinedXYChart.html
org\achartengine\chart\CubicLineChart.html
org\achartengine\chart\DialChart.html
org\achartengine\chart\DoughnutChart.html
org\achartengine\chart\LineChart.html
org\achartengine\chart\package-frame.html
org\achartengine\chart\package-summary.html
org\achartengine\chart\package-tree.html
org\achartengine\chart\package-use.html
org\achartengine\chart\PieChart.html
org\achartengine\chart\PieMapper.html
org\achartengine\chart\PieSegment.html
org\achartengine\chart\PointStyle.html
org\achartengine\chart\RangeBarChart.html
org\achartengine\chart\RangeStackedBarChart.html
org\achartengine\chart\RoundChart.html
org\achartengine\chart\ScatterChart.html
org\achartengine\chart\TimeChart.html
org\achartengine\chart\XYChart.html
org\achartengine\ChartFactory.html
org\achartengine\class-use\ChartFactory.html
org\achartengine\class-use\GraphicalActivity.html
org\achartengine\class-use\GraphicalView.html
org\achartengine\class-use\ITouchHandler.html
org\achartengine\class-use\TouchHandler.html
org\achartengine\class-use\TouchHandlerOld.html
org\achartengine\GraphicalActivity.html
org\achartengine\GraphicalView.html
org\achartengine\ITouchHandler.html
org\achartengine\model\CategorySeries.html
org\achartengine\model\class-use\CategorySeries.html
org\achartengine\model\class-use\MultipleCategorySeries.html
org\achartengine\model\class-use\Point.html
org\achartengine\model\class-use\RangeCategorySeries.html
org\achartengine\model\class-use\SeriesSelection.html
org\achartengine\model\class-use\TimeSeries.html
org\achartengine\model\class-use\XYMultipleSeriesDataset.html
org\achartengine\model\class-use\XYSeries.html
org\achartengine\model\class-use\XYValueSeries.html
org\achartengine\model\MultipleCategorySeries.html
org\achartengine\model\package-frame.html
org\achartengine\model\package-summary.html
org\achartengine\model\package-tree.html
org\achartengine\model\package-use.html
org\achartengine\model\Point.html
org\achartengine\model\RangeCategorySeries.html
org\achartengine\model\SeriesSelection.html
org\achartengine\model\TimeSeries.html
org\achartengine\model\XYMultipleSeriesDataset.html
org\achartengine\model\XYSeries.html
org\achartengine\model\XYValueSeries.html
org\achartengine\package-frame.html
org\achartengine\package-summary.html
org\achartengine\package-tree.html
org\achartengine\package-use.html
org\achartengine\renderer\BasicStroke.html
org\achartengine\renderer\class-use\BasicStroke.html
org\achartengine\renderer\class-use\DefaultRenderer.html
org\achartengine\renderer\class-use\DialRenderer.html
org\achartengine\renderer\class-use\DialRenderer.Type.html
org\achartengine\renderer\class-use\SimpleSeriesRenderer.html
org\achartengine\renderer\class-use\XYMultipleSeriesRenderer.html
org\achartengine\renderer\class-use\XYMultipleSeriesRenderer.Orientation.html
org\achartengine\renderer\class-use\XYSeriesRenderer.FillOutsideLine.html
org\achartengine\renderer\class-use\XYSeriesRenderer.FillOutsideLine.Type.html
org\achartengine\renderer\class-use\XYSeriesRenderer.html
org\achartengine\renderer\DefaultRenderer.html
org\achartengine\renderer\DialRenderer.html
org\achartengine\renderer\DialRenderer.Type.html
org\achartengine\renderer\package-frame.html
org\achartengine\renderer\package-summary.html
org\achartengine\renderer\package-tree.html
org\achartengine\renderer\package-use.html
org\achartengine\renderer\SimpleSeriesRenderer.html
org\achartengine\renderer\XYMultipleSeriesRenderer.html
org\achartengine\renderer\XYMultipleSeriesRenderer.Orientation.html
org\achartengine\renderer\XYSeriesRenderer.FillOutsideLine.html
org\achartengine\renderer\XYSeriesRenderer.FillOutsideLine.Type.html
org\achartengine\renderer\XYSeriesRenderer.html
org\achartengine\tools\AbstractTool.html
org\achartengine\tools\class-use\AbstractTool.html
org\achartengine\tools\class-use\FitZoom.html
org\achartengine\tools\class-use\Pan.html
org\achartengine\tools\class-use\PanListener.html
org\achartengine\tools\class-use\Zoom.html
org\achartengine\tools\class-use\ZoomEvent.html
org\achartengine\tools\class-use\ZoomListener.html
org\achartengine\tools\FitZoom.html
org\achartengine\tools\package-frame.html
org\achartengine\tools\package-summary.html
org\achartengine\tools\package-tree.html
org\achartengine\tools\package-use.html
org\achartengine\tools\Pan.html
org\achartengine\tools\PanListener.html
org\achartengine\tools\Zoom.html
org\achartengine\tools\ZoomEvent.html
org\achartengine\tools\ZoomListener.html
org\achartengine\TouchHandler.html
org\achartengine\TouchHandlerOld.html
org\achartengine\util\class-use\IndexXYMap.html
org\achartengine\util\class-use\MathHelper.html
org\achartengine\util\class-use\XYEntry.html
org\achartengine\util\IndexXYMap.html
org\achartengine\util\MathHelper.html
org\achartengine\util\package-frame.html
org\achartengine\util\package-summary.html
org\achartengine\util\package-tree.html
org\achartengine\util\package-use.html
org\achartengine\util\XYEntry.html
overview-frame.html
overview-summary.html
overview-tree.html
resources\inherit.gif
serialized-form.html
stylesheet.css
TOC-Created-By-Easy-CHM.HHC
Index-Created-By-Easy-CHM.HHK
..\..\..\..\ADMINI~1\AppData\Local\Temp\Easy-CHM-HtmlHelp-Maker.HTML
..\..\..\..\ADMINI~1\AppData\Local\Temp\Easy-CHM-HtmlHelp-Maker.GIF

Compile time: 0 minutes, 5 seconds
148	Topics
8,768	Local links
11	Internet links
1	Graphic


Created c:\Users\Administrator\Desktop\AChartEngine\achartengine-1.1.CHM, 348,039 bytes
Compression decreased file by 2,330,504 bytes.
